[     306ms] [ERROR] Failed to load resource: the server responded with a status of 404 () @ https://hot22.vercel.app/:0
[     371ms] [ERROR] Failed to load resource: the server responded with a status of 404 () @ https://hot22.vercel.app/favicon.ico:0
[   26091ms] [ERROR] Connecting to 'https://www.vercel-status.com/api/v2/incidents/unresolved.json' violates the following Content Security Policy directive: "connect-src 'self' data: *.chilipiper.com *.ingest.sentry.io *.ingest.us.sentry.io wss://ws-us3.pusher.com sockjs-use3.pusher.com react-tweet.vercel.app https://*.contentful.com vercel.com *.vercel.com assets.vercel.com *.vercel.sh vercel.live wss://*.vercel.com *.codesandbox.io localhost:* chrome-extension://* https://www.youtube-nocookie.com *.chilipiper.com https://risk.clearbit.com https://react-tweet.vercel.app/* cdp.vercel.com". The action has been blocked. @ https://vercel.com/:79
[   26092ms] [ERROR] Fetch API cannot load https://www.vercel-status.com/api/v2/incidents/unresolved.json. Refused to connect because it violates the document's Content Security Policy. @ https://vercel.com/:79
[   27711ms] [ERROR] Failed to load resource: the server responded with a status of 403 () @ https://vercel.com/api/jwt:0
[   27796ms] [WARNING] Deprecated API for given entry type. @ https://vercel.com/vc-ap-vercel-marketing/_next/static/chunks/0g2nfdhpj2t1-.js?dpl=dpl_BU8b6KskMkEzYhnBYxGeUEtQtBUZ:18
[   28215ms] [WARNING] iso_swr: SSR fetch failed for "/api/v1/integrations/search-repo" {error: iso_swr_fetch_error, message: The request is missing an authentication token} @ https://vercel.com/new:99
[   30207ms] [WARNING] iso_swr[warn] [client] fallback error for key: "/api/v1/integrations/search-repo" {error: iso_swr_fetch_error, message: The request is missing an authentication token} @ https://vercel.com/_next/static/chunks/0x-aa~lnhlulu.js?dpl=dpl_FGoYBxXiKm5YW1LkKASipcHBW6g8:2
[   30527ms] [ERROR] Failed to load resource: the server responded with a status of 403 () @ https://vercel.com/api/jwt:0
[   30875ms] [WARNING] Deprecated API for given entry type. @ https://vercel.com/_next/static/chunks/0yf~.jhbzjve..js?dpl=dpl_FGoYBxXiKm5YW1LkKASipcHBW6g8:18
[   30879ms] [ERROR] Failed to load resource: the server responded with a status of 403 () @ https://vercel.com/api/v1/integrations/search-repo:0
[   36303ms] [WARNING] The resource https://vercel.com/_next/static/media/adobe-light.16u.6rcfr9g6l.svg?dpl=dpl_FGoYBxXiKm5YW1LkKASipcHBW6g8 was preloaded using link preload but not used within a few seconds from the window's load event. Please make sure it has an appropriate `as` value and it is preloaded intentionally. @ https://vercel.com/new:0
[   36303ms] [WARNING] The resource https://vercel.com/_next/static/chunks/0mzliera6v2er.css?dpl=dpl_FGoYBxXiKm5YW1LkKASipcHBW6g8 was preloaded using link preload but not used within a few seconds from the window's load event. Please make sure it has an appropriate `as` value and it is preloaded intentionally. @ https://vercel.com/new:0
[   36303ms] [WARNING] The resource https://vercel.com/_next/static/media/stripe-dark.0dt0ok4u3unh4.svg?dpl=dpl_FGoYBxXiKm5YW1LkKASipcHBW6g8 was preloaded using link preload but not used within a few seconds from the window's load event. Please make sure it has an appropriate `as` value and it is preloaded intentionally. @ https://vercel.com/new:0
[   36303ms] [WARNING] The resource https://vercel.com/_next/static/chunks/0b0~g2d0sp-wi.css?dpl=dpl_FGoYBxXiKm5YW1LkKASipcHBW6g8 was preloaded using link preload but not used within a few seconds from the window's load event. Please make sure it has an appropriate `as` value and it is preloaded intentionally. @ https://vercel.com/new:0
[   36303ms] [WARNING] The resource https://vercel.com/_next/static/media/ebay-dark.0_h.rq4h81wly.svg?dpl=dpl_FGoYBxXiKm5YW1LkKASipcHBW6g8 was preloaded using link preload but not used within a few seconds from the window's load event. Please make sure it has an appropriate `as` value and it is preloaded intentionally. @ https://vercel.com/new:0
[   36303ms] [WARNING] The resource https://vercel.com/_next/static/media/stripe-light.0u487ky2~r_zm.svg?dpl=dpl_FGoYBxXiKm5YW1LkKASipcHBW6g8 was preloaded using link preload but not used within a few seconds from the window's load event. Please make sure it has an appropriate `as` value and it is preloaded intentionally. @ https://vercel.com/new:0
[   36303ms] [WARNING] The resource https://vercel.com/_next/static/chunks/134ryz9hmnxds.css?dpl=dpl_FGoYBxXiKm5YW1LkKASipcHBW6g8 was preloaded using link preload but not used within a few seconds from the window's load event. Please make sure it has an appropriate `as` value and it is preloaded intentionally. @ https://vercel.com/new:0
[   36303ms] [WARNING] The resource https://vercel.com/_next/static/media/ebay-light.0.zq80asej6~e.svg?dpl=dpl_FGoYBxXiKm5YW1LkKASipcHBW6g8 was preloaded using link preload but not used within a few seconds from the window's load event. Please make sure it has an appropriate `as` value and it is preloaded intentionally. @ https://vercel.com/new:0
[   36303ms] [WARNING] The resource https://vercel.com/_next/static/chunks/0ppxm8f1onpiq.css?dpl=dpl_FGoYBxXiKm5YW1LkKASipcHBW6g8 was preloaded using link preload but not used within a few seconds from the window's load event. Please make sure it has an appropriate `as` value and it is preloaded intentionally. @ https://vercel.com/new:0
[   94182ms] [WARNING] Deprecated API for given entry type. @ https://vercel.com/_next/static/chunks/04krejkuxzzzh.js?dpl=dpl_FGoYBxXiKm5YW1LkKASipcHBW6g8:18
[   94182ms] [ERROR] Failed to load resource: the server responded with a status of 403 () @ https://vercel.com/api/jwt:0
[   95874ms] [WARNING] Deprecated API for given entry type. @ https://vercel.com/_next/static/chunks/0yf~.jhbzjve..js?dpl=dpl_FGoYBxXiKm5YW1LkKASipcHBW6g8:18
[  110967ms] [WARNING] The resource https://vercel.com/_next/static/chunks/0e~fe8kg657j4.css?dpl=dpl_FGoYBxXiKm5YW1LkKASipcHBW6g8 was preloaded using link preload but not used within a few seconds from the window's load event. Please make sure it has an appropriate `as` value and it is preloaded intentionally. @ https://vercel.com/new:0
[  110967ms] [WARNING] The resource https://vercel.com/_next/static/chunks/0mzliera6v2er.css?dpl=dpl_FGoYBxXiKm5YW1LkKASipcHBW6g8 was preloaded using link preload but not used within a few seconds from the window's load event. Please make sure it has an appropriate `as` value and it is preloaded intentionally. @ https://vercel.com/new:0
[  110967ms] [WARNING] The resource https://vercel.com/_next/static/chunks/0ppxm8f1onpiq.css?dpl=dpl_FGoYBxXiKm5YW1LkKASipcHBW6g8 was preloaded using link preload but not used within a few seconds from the window's load event. Please make sure it has an appropriate `as` value and it is preloaded intentionally. @ https://vercel.com/new:0
[  110967ms] [WARNING] The resource https://vercel.com/_next/static/chunks/0knb061344e~b.css?dpl=dpl_FGoYBxXiKm5YW1LkKASipcHBW6g8 was preloaded using link preload but not used within a few seconds from the window's load event. Please make sure it has an appropriate `as` value and it is preloaded intentionally. @ https://vercel.com/new:0
[  110967ms] [WARNING] The resource https://vercel.com/_next/static/chunks/02vrnzi_q12v0.css?dpl=dpl_FGoYBxXiKm5YW1LkKASipcHBW6g8 was preloaded using link preload but not used within a few seconds from the window's load event. Please make sure it has an appropriate `as` value and it is preloaded intentionally. @ https://vercel.com/new:0
[  110967ms] [WARNING] The resource https://vercel.com/_next/static/chunks/0ct5hlmcpyfrd.css?dpl=dpl_FGoYBxXiKm5YW1LkKASipcHBW6g8 was preloaded using link preload but not used within a few seconds from the window's load event. Please make sure it has an appropriate `as` value and it is preloaded intentionally. @ https://vercel.com/new:0
