[    1640ms] Error: Minified React error #418; visit https://react.dev/errors/418?args[]=HTML&args[]= for the full message or use the non-minified dev environment for full errors and additional helpful warnings.
    at r1 (https://vercel.com/_next/static/chunks/0.unscpwtrqpq.js?dpl=dpl_FGoYBxXiKm5YW1LkKASipcHBW6g8:73:44336)
    at iE (https://vercel.com/_next/static/chunks/0.unscpwtrqpq.js?dpl=dpl_FGoYBxXiKm5YW1LkKASipcHBW6g8:73:98331)
    at sV (https://vercel.com/_next/static/chunks/0.unscpwtrqpq.js?dpl=dpl_FGoYBxXiKm5YW1LkKASipcHBW6g8:73:139262)
    at https://vercel.com/_next/static/chunks/0.unscpwtrqpq.js?dpl=dpl_FGoYBxXiKm5YW1LkKASipcHBW6g8:73:139107
    at sB (https://vercel.com/_next/static/chunks/0.unscpwtrqpq.js?dpl=dpl_FGoYBxXiKm5YW1LkKASipcHBW6g8:73:139115)
    at sO (https://vercel.com/_next/static/chunks/0.unscpwtrqpq.js?dpl=dpl_FGoYBxXiKm5YW1LkKASipcHBW6g8:73:134172)
    at cm (https://vercel.com/_next/static/chunks/0.unscpwtrqpq.js?dpl=dpl_FGoYBxXiKm5YW1LkKASipcHBW6g8:73:168888)
    at cs (https://vercel.com/_next/static/chunks/0.unscpwtrqpq.js?dpl=dpl_FGoYBxXiKm5YW1LkKASipcHBW6g8:73:166791)
    at cf (https://vercel.com/_next/static/chunks/0.unscpwtrqpq.js?dpl=dpl_FGoYBxXiKm5YW1LkKASipcHBW6g8:73:167148)
    at https://vercel.com/_next/static/chunks/0.unscpwtrqpq.js?dpl=dpl_FGoYBxXiKm5YW1LkKASipcHBW6g8:73:168947
[    1900ms] [WARNING] Deprecated API for given entry type. @ https://vercel.com/_next/static/chunks/0yf~.jhbzjve..js?dpl=dpl_FGoYBxXiKm5YW1LkKASipcHBW6g8:18
[    2017ms] [ERROR] Failed to load resource: the server responded with a status of 429 () @ https://o205439.ingest.sentry.io/api/1323670/envelope/?sentry_key=d00780d432ac4ccf882f60dd02062e14&sentry_version=7&sentry_client=sentry.javascript.browser%2F7.111.0:0
[   16683ms] [WARNING] The resource https://vercel.com/_next/static/chunks/036o8fykibykf.css?dpl=dpl_FGoYBxXiKm5YW1LkKASipcHBW6g8 was preloaded using link preload but not used within a few seconds from the window's load event. Please make sure it has an appropriate `as` value and it is preloaded intentionally. @ https://vercel.com/tommys-projects-c0cdd4c5/hot22:0
[   16683ms] [WARNING] The resource https://vercel.com/_next/static/chunks/0sm7374vbbgap.css?dpl=dpl_FGoYBxXiKm5YW1LkKASipcHBW6g8 was preloaded using link preload but not used within a few seconds from the window's load event. Please make sure it has an appropriate `as` value and it is preloaded intentionally. @ https://vercel.com/tommys-projects-c0cdd4c5/hot22:0
[   16683ms] [WARNING] The resource https://vercel.com/_next/static/chunks/15anmwvi0e23x.css?dpl=dpl_FGoYBxXiKm5YW1LkKASipcHBW6g8 was preloaded using link preload but not used within a few seconds from the window's load event. Please make sure it has an appropriate `as` value and it is preloaded intentionally. @ https://vercel.com/tommys-projects-c0cdd4c5/hot22:0
[   16683ms] [WARNING] The resource https://vercel.com/_next/static/media/797e433ab948586e.p.0.q-h669a_dqa.woff2?dpl=dpl_FGoYBxXiKm5YW1LkKASipcHBW6g8 was preloaded using link preload but not used within a few seconds from the window's load event. Please make sure it has an appropriate `as` value and it is preloaded intentionally. @ https://vercel.com/tommys-projects-c0cdd4c5/hot22:0
[   16683ms] [WARNING] The resource https://vercel.com/_next/static/chunks/02vrnzi_q12v0.css?dpl=dpl_FGoYBxXiKm5YW1LkKASipcHBW6g8 was preloaded using link preload but not used within a few seconds from the window's load event. Please make sure it has an appropriate `as` value and it is preloaded intentionally. @ https://vercel.com/tommys-projects-c0cdd4c5/hot22:0
[   16683ms] [WARNING] The resource https://vercel.com/_next/static/chunks/0ct5hlmcpyfrd.css?dpl=dpl_FGoYBxXiKm5YW1LkKASipcHBW6g8 was preloaded using link preload but not used within a few seconds from the window's load event. Please make sure it has an appropriate `as` value and it is preloaded intentionally. @ https://vercel.com/tommys-projects-c0cdd4c5/hot22:0
[   16683ms] [WARNING] The resource https://vercel.com/_next/static/media/caa3a2e1cccd8315.p.16t1db8_9y2o~.woff2?dpl=dpl_FGoYBxXiKm5YW1LkKASipcHBW6g8 was preloaded using link preload but not used within a few seconds from the window's load event. Please make sure it has an appropriate `as` value and it is preloaded intentionally. @ https://vercel.com/tommys-projects-c0cdd4c5/hot22:0
[   16683ms] [WARNING] The resource https://vercel.com/_next/static/chunks/13m22~p2n-e21.css?dpl=dpl_FGoYBxXiKm5YW1LkKASipcHBW6g8 was preloaded using link preload but not used within a few seconds from the window's load event. Please make sure it has an appropriate `as` value and it is preloaded intentionally. @ https://vercel.com/tommys-projects-c0cdd4c5/hot22:0
[   16683ms] [WARNING] The resource https://vercel.com/_next/static/chunks/06215~ibtq_sw.css?dpl=dpl_FGoYBxXiKm5YW1LkKASipcHBW6g8 was preloaded using link preload but not used within a few seconds from the window's load event. Please make sure it has an appropriate `as` value and it is preloaded intentionally. @ https://vercel.com/tommys-projects-c0cdd4c5/hot22:0
[   16683ms] [WARNING] The resource https://vercel.com/_next/static/chunks/168wxxhx_-x~u.css?dpl=dpl_FGoYBxXiKm5YW1LkKASipcHBW6g8 was preloaded using link preload but not used within a few seconds from the window's load event. Please make sure it has an appropriate `as` value and it is preloaded intentionally. @ https://vercel.com/tommys-projects-c0cdd4c5/hot22:0
[   16683ms] [WARNING] The resource https://vercel.com/_next/static/chunks/0ffgi-hjesl9f.css?dpl=dpl_FGoYBxXiKm5YW1LkKASipcHBW6g8 was preloaded using link preload but not used within a few seconds from the window's load event. Please make sure it has an appropriate `as` value and it is preloaded intentionally. @ https://vercel.com/tommys-projects-c0cdd4c5/hot22:0
[   16683ms] [WARNING] The resource https://vercel.com/_next/static/chunks/0yurts28n-qb9.css?dpl=dpl_FGoYBxXiKm5YW1LkKASipcHBW6g8 was preloaded using link preload but not used within a few seconds from the window's load event. Please make sure it has an appropriate `as` value and it is preloaded intentionally. @ https://vercel.com/tommys-projects-c0cdd4c5/hot22:0
[   16683ms] [WARNING] The resource https://vercel.com/_next/static/chunks/04znf.-0uodg4.css?dpl=dpl_FGoYBxXiKm5YW1LkKASipcHBW6g8 was preloaded using link preload but not used within a few seconds from the window's load event. Please make sure it has an appropriate `as` value and it is preloaded intentionally. @ https://vercel.com/tommys-projects-c0cdd4c5/hot22:0
[   26588ms] [WARNING] The resource https://vercel.com/_next/static/chunks/036o8fykibykf.css?dpl=dpl_FGoYBxXiKm5YW1LkKASipcHBW6g8 was preloaded using link preload but not used within a few seconds from the window's load event. Please make sure it has an appropriate `as` value and it is preloaded intentionally. @ https://vercel.com/tommys-projects-c0cdd4c5/hot22:0
[   26588ms] [WARNING] The resource https://vercel.com/_next/static/chunks/0sm7374vbbgap.css?dpl=dpl_FGoYBxXiKm5YW1LkKASipcHBW6g8 was preloaded using link preload but not used within a few seconds from the window's load event. Please make sure it has an appropriate `as` value and it is preloaded intentionally. @ https://vercel.com/tommys-projects-c0cdd4c5/hot22:0
[   26588ms] [WARNING] The resource https://vercel.com/_next/static/chunks/15anmwvi0e23x.css?dpl=dpl_FGoYBxXiKm5YW1LkKASipcHBW6g8 was preloaded using link preload but not used within a few seconds from the window's load event. Please make sure it has an appropriate `as` value and it is preloaded intentionally. @ https://vercel.com/tommys-projects-c0cdd4c5/hot22:0
[   26588ms] [WARNING] The resource https://vercel.com/_next/static/media/797e433ab948586e.p.0.q-h669a_dqa.woff2?dpl=dpl_FGoYBxXiKm5YW1LkKASipcHBW6g8 was preloaded using link preload but not used within a few seconds from the window's load event. Please make sure it has an appropriate `as` value and it is preloaded intentionally. @ https://vercel.com/tommys-projects-c0cdd4c5/hot22:0
[   26588ms] [WARNING] The resource https://vercel.com/_next/static/chunks/02vrnzi_q12v0.css?dpl=dpl_FGoYBxXiKm5YW1LkKASipcHBW6g8 was preloaded using link preload but not used within a few seconds from the window's load event. Please make sure it has an appropriate `as` value and it is preloaded intentionally. @ https://vercel.com/tommys-projects-c0cdd4c5/hot22:0
[   26588ms] [WARNING] The resource https://vercel.com/_next/static/chunks/0ct5hlmcpyfrd.css?dpl=dpl_FGoYBxXiKm5YW1LkKASipcHBW6g8 was preloaded using link preload but not used within a few seconds from the window's load event. Please make sure it has an appropriate `as` value and it is preloaded intentionally. @ https://vercel.com/tommys-projects-c0cdd4c5/hot22:0
[   26588ms] [WARNING] The resource https://vercel.com/_next/static/media/caa3a2e1cccd8315.p.16t1db8_9y2o~.woff2?dpl=dpl_FGoYBxXiKm5YW1LkKASipcHBW6g8 was preloaded using link preload but not used within a few seconds from the window's load event. Please make sure it has an appropriate `as` value and it is preloaded intentionally. @ https://vercel.com/tommys-projects-c0cdd4c5/hot22:0
[   26588ms] [WARNING] The resource https://vercel.com/_next/static/chunks/13m22~p2n-e21.css?dpl=dpl_FGoYBxXiKm5YW1LkKASipcHBW6g8 was preloaded using link preload but not used within a few seconds from the window's load event. Please make sure it has an appropriate `as` value and it is preloaded intentionally. @ https://vercel.com/tommys-projects-c0cdd4c5/hot22:0
[   26588ms] [WARNING] The resource https://vercel.com/_next/static/chunks/06215~ibtq_sw.css?dpl=dpl_FGoYBxXiKm5YW1LkKASipcHBW6g8 was preloaded using link preload but not used within a few seconds from the window's load event. Please make sure it has an appropriate `as` value and it is preloaded intentionally. @ https://vercel.com/tommys-projects-c0cdd4c5/hot22:0
[   26588ms] [WARNING] The resource https://vercel.com/_next/static/chunks/168wxxhx_-x~u.css?dpl=dpl_FGoYBxXiKm5YW1LkKASipcHBW6g8 was preloaded using link preload but not used within a few seconds from the window's load event. Please make sure it has an appropriate `as` value and it is preloaded intentionally. @ https://vercel.com/tommys-projects-c0cdd4c5/hot22:0
[   26588ms] [WARNING] The resource https://vercel.com/_next/static/chunks/0ffgi-hjesl9f.css?dpl=dpl_FGoYBxXiKm5YW1LkKASipcHBW6g8 was preloaded using link preload but not used within a few seconds from the window's load event. Please make sure it has an appropriate `as` value and it is preloaded intentionally. @ https://vercel.com/tommys-projects-c0cdd4c5/hot22:0
[   26588ms] [WARNING] The resource https://vercel.com/_next/static/chunks/0yurts28n-qb9.css?dpl=dpl_FGoYBxXiKm5YW1LkKASipcHBW6g8 was preloaded using link preload but not used within a few seconds from the window's load event. Please make sure it has an appropriate `as` value and it is preloaded intentionally. @ https://vercel.com/tommys-projects-c0cdd4c5/hot22:0
[   26588ms] [WARNING] The resource https://vercel.com/_next/static/chunks/04znf.-0uodg4.css?dpl=dpl_FGoYBxXiKm5YW1LkKASipcHBW6g8 was preloaded using link preload but not used within a few seconds from the window's load event. Please make sure it has an appropriate `as` value and it is preloaded intentionally. @ https://vercel.com/tommys-projects-c0cdd4c5/hot22:0
